<?xml version="1.0" encoding="UTF-8"?>
<!-- Generated by org.testng.reporters.JUnitReportReporter -->
<testsuite hostname="DESKTOP-8BL3MIG" failures="0" tests="3" name="video44.Signup" time="0.014" errors="0" timestamp="2024-12-08T14:35:10 PKT" skipped="0">
  <testcase classname="video44.Signup" name="signupByFacebook" time="0.012"/>
  <system-out/>
  <testcase classname="video44.Signup" name="signupByTwitter" time="0.001"/>
  <system-out/>
  <testcase classname="video44.Signup" name="signupByGamil" time="0.001"/>
  <system-out/>
</testsuite> <!-- video44.Signup -->
