<?xml version="1.0" encoding="UTF-8"?>
<!-- Generated by org.testng.reporters.JUnitReportReporter -->
<testsuite hostname="DESKTOP-8BL3MIG" failures="0" tests="3" name="video461.TestClass" time="22.954" errors="0" timestamp="2024-12-10T19:32:24 PKT" skipped="0">
  <testcase classname="video461.TestClass" name="testLogo" time="10.118"/>
  <system-out/>
  <testcase classname="video461.TestClass" name="testAppUrl" time="9.822"/>
  <system-out/>
  <testcase classname="video461.TestClass" name="testHomePageTitle" time="3.014"/>
  <system-out/>
</testsuite> <!-- video461.TestClass -->
