<?xml version="1.0" encoding="UTF-8"?>
<!-- Generated by org.testng.reporters.JUnitReportReporter -->
<testsuite hostname="DESKTOP-8BL3MIG" failures="0" tests="2" name="video435.C2" time="0.010" errors="0" timestamp="2024-12-07T17:30:57 PKT" skipped="0">
  <testcase classname="video435.C2" name="method_3" time="0.001"/>
  <system-out/>
  <testcase classname="video435.C2" name="method_3" time="0.009"/>
  <system-out/>
</testsuite> <!-- video435.C2 -->
