<?xml version="1.0" encoding="UTF-8"?>
<!-- Generated by org.testng.reporters.JUnitReportReporter -->
<testsuite hostname="DESKTOP-8BL3MIG" failures="0" tests="4" name="video42.SecondTestCase" time="25.680" errors="0" timestamp="2024-12-07T13:40:37 PKT" skipped="0">
  <testcase classname="video42.SecondTestCase" name="openApp" time="7.867"/>
  <system-out/>
  <testcase classname="video42.SecondTestCase" name="testLogo" time="10.080"/>
  <system-out/>
  <testcase classname="video42.SecondTestCase" name="testLogin" time="7.423"/>
  <system-out/>
  <testcase classname="video42.SecondTestCase" name="closeApp" time="0.310"/>
  <system-out/>
</testsuite> <!-- video42.SecondTestCase -->
