<?xml version="1.0" encoding="UTF-8"?>
<!-- Generated by org.testng.reporters.JUnitReportReporter -->
<testsuite hostname="DESKTOP-8BL3MIG" failures="0" tests="2" name="video44.Payment" time="0.013" errors="0" timestamp="2024-12-08T14:35:56 PKT" skipped="0">
  <testcase classname="video44.Payment" name="paymentByDollars" time="0.012"/>
  <system-out/>
  <testcase classname="video44.Payment" name="paymentByRupees" time="0.001"/>
  <system-out/>
</testsuite> <!-- video44.Payment -->
