<?xml version="1.0" encoding="UTF-8"?>
<!-- Generated by org.testng.reporters.JUnitReportReporter -->
<testsuite hostname="DESKTOP-8BL3MIG" failures="0" tests="1" name="video471.TestCaseClass" time="3.330" errors="0" timestamp="2024-12-11T08:16:10 PKT" skipped="0">
  <testcase classname="video471.TestCaseClass" name="login" time="3.330"/>
  <system-out/>
</testsuite> <!-- video471.TestCaseClass -->
