<?xml version="1.0" encoding="UTF-8"?>
<!-- Generated by org.testng.reporters.JUnitReportReporter -->
<testsuite hostname="DESKTOP-8BL3MIG" failures="0" tests="2" name="video434.AllAnnotations" time="0.010" errors="0" timestamp="2024-12-07T16:50:25 PKT" skipped="0">
  <testcase classname="video434.AllAnnotations" name="tm1" time="0.008"/>
  <system-out/>
  <testcase classname="video434.AllAnnotations" name="tm2" time="0.002"/>
  <system-out/>
</testsuite> <!-- video434.AllAnnotations -->
