<?xml version="1.0" encoding="UTF-8"?>
<!-- Generated by org.testng.reporters.JUnitReportReporter -->
<testsuite hostname="DESKTOP-8BL3MIG" failures="0" tests="1" name="video432.C2" time="0.008" errors="0" timestamp="2024-12-07T16:23:02 PKT" skipped="0">
  <testcase classname="video432.C2" name="method_2" time="0.008"/>
  <system-out/>
</testsuite> <!-- video432.C2 -->
