<?xml version="1.0" encoding="UTF-8"?>
<!-- Generated by org.testng.reporters.JUnitReportReporter -->
<testsuite hostname="DESKTOP-8BL3MIG" failures="0" tests="3" name="video44.Login" time="0.021" errors="0" timestamp="2024-12-08T14:34:23 PKT" skipped="0">
  <testcase classname="video44.Login" name="loginByFacebook" time="0.017"/>
  <system-out/>
  <testcase classname="video44.Login" name="loginByTwitter" time="0.002"/>
  <system-out/>
  <testcase classname="video44.Login" name="loginByGmail" time="0.002"/>
  <system-out/>
</testsuite> <!-- video44.Login -->
