<?xml version="1.0" encoding="UTF-8"?>
<!-- Generated by org.testng.reporters.JUnitReportReporter -->
<testsuite hostname="DESKTOP-8BL3MIG" failures="0" tests="4" name="video435.C1" time="0.013" errors="0" timestamp="2024-12-07T17:30:57 PKT" skipped="0">
  <testcase classname="video435.C1" name="method_1" time="0.004"/>
  <system-out/>
  <testcase classname="video435.C1" name="method_2" time="0.002"/>
  <system-out/>
  <testcase classname="video435.C1" name="method_1" time="0.003"/>
  <system-out/>
  <testcase classname="video435.C1" name="method_2" time="0.004"/>
  <system-out/>
</testsuite> <!-- video435.C1 -->
