<?xml version="1.0" encoding="UTF-8"?>
<!-- Generated by org.testng.reporters.JUnitReportReporter -->
<testsuite hostname="DESKTOP-8BL3MIG" failures="0" tests="1" name="video433.C1" time="0.008" errors="0" timestamp="2024-12-07T16:28:25 PKT" skipped="0">
  <testcase classname="video433.C1" name="method_1" time="0.008"/>
  <system-out/>
</testsuite> <!-- video433.C1 -->
