<?xml version="1.0" encoding="UTF-8"?>
<!-- Generated by org.testng.reporters.JUnitReportReporter -->
<testsuite hostname="DESKTOP-8BL3MIG" failures="0" tests="2" name="video43.BeforeAndAfterMethod" time="0.019" errors="0" timestamp="2024-12-07T15:47:22 PKT" skipped="0">
  <testcase classname="video43.BeforeAndAfterMethod" name="method_1" time="0.010"/>
  <system-out/>
  <testcase classname="video43.BeforeAndAfterMethod" name="method_2" time="0.009"/>
  <system-out/>
</testsuite> <!-- video43.BeforeAndAfterMethod -->
