<?xml version="1.0" encoding="UTF-8"?>
<!-- Generated by org.testng.reporters.JUnitReportReporter -->
<testsuite hostname="DESKTOP-8BL3MIG" failures="0" tests="3" name="video46.TestClass" time="16.123" errors="0" timestamp="2024-12-10T19:12:35 PKT" skipped="0">
  <testcase classname="video46.TestClass" name="testAppUrl" time="3.033"/>
  <system-out/>
  <testcase classname="video46.TestClass" name="testLogo" time="10.070"/>
  <system-out/>
  <testcase classname="video46.TestClass" name="testHomePageTitle" time="3.020"/>
  <system-out/>
</testsuite> <!-- video46.TestClass -->
