<?xml version="1.0" encoding="UTF-8"?>
<!-- Generated by org.testng.reporters.JUnitReportReporter -->
<testsuite hostname="DESKTOP-8BL3MIG" failures="0" tests="1" name="video432.C1" time="0.003" errors="0" timestamp="2024-12-07T16:23:02 PKT" skipped="0">
  <testcase classname="video432.C1" name="method_1" time="0.003"/>
  <system-out/>
</testsuite> <!-- video432.C1 -->
