<?xml version="1.0" encoding="UTF-8"?>
<!-- Generated by org.testng.reporters.JUnitReportReporter -->
<testsuite hostname="DESKTOP-8BL3MIG" failures="0" tests="1" name="video47.TestCaseClass" time="2.233" errors="0" timestamp="2024-12-11T07:50:03 PKT" skipped="0">
  <testcase classname="video47.TestCaseClass" name="login" time="2.233"/>
  <system-out/>
</testsuite> <!-- video47.TestCaseClass -->
