<?xml version="1.0" encoding="UTF-8"?>
<!-- Generated by org.testng.reporters.JUnitReportReporter -->
<testsuite hostname="DESKTOP-8BL3MIG" failures="0" tests="2" name="video431.BeforeAndAfterClass" time="0.018" errors="0" timestamp="2024-12-07T16:14:21 PKT" skipped="0">
  <testcase classname="video431.BeforeAndAfterClass" name="method_2" time="0.003"/>
  <system-out/>
  <testcase classname="video431.BeforeAndAfterClass" name="method_1" time="0.015"/>
  <system-out/>
</testsuite> <!-- video431.BeforeAndAfterClass -->
