<?xml version="1.0" encoding="UTF-8"?>
<!-- Generated by org.testng.reporters.JUnitReportReporter -->
<testsuite hostname="DESKTOP-8BL3MIG" failures="0" tests="3" name="video42.FirstTestCase" time="0.015" errors="0" timestamp="2024-12-07T13:40:37 PKT" skipped="0">
  <testcase classname="video42.FirstTestCase" name="openApp" time="0.011"/>
  <system-out/>
  <testcase classname="video42.FirstTestCase" name="login" time="0.002"/>
  <system-out/>
  <testcase classname="video42.FirstTestCase" name="logout" time="0.002"/>
  <system-out/>
</testsuite> <!-- video42.FirstTestCase -->
